[0.077s] Invoking command in '/home/omni_ws/src/omni_bot/build/omni_bot': CMAKE_PREFIX_PATH=${CMAKE_PREFIX_PATH}:/home/omni_ws/install/turtlebot3_teleop:/home/omni_ws/install/turtlebot3_example:/opt/ros/humble /usr/bin/cmake /home/omni_ws/src/omni_bot -DCMAKE_INSTALL_PREFIX=/home/omni_ws/src/omni_bot/install/omni_bot
[0.452s] -- The C compiler identification is GNU 11.4.0
[0.651s] -- The CXX compiler identification is GNU 11.4.0
[0.691s] -- Detecting C compiler ABI info
[1.126s] -- Detecting C compiler ABI info - done
[1.148s] -- Check for working C compiler: /usr/bin/cc - skipped
[1.149s] -- Detecting C compile features
[1.150s] -- Detecting C compile features - done
[1.155s] -- Detecting CXX compiler ABI info
[1.641s] -- Detecting CXX compiler ABI info - done
[1.656s] -- Check for working CXX compiler: /usr/bin/c++ - skipped
[1.656s] -- Detecting CXX compile features
[1.657s] -- Detecting CXX compile features - done
[1.667s] -- Found ament_cmake: 1.3.5 (/opt/ros/humble/share/ament_cmake/cmake)
[2.410s] -- Found Python3: /usr/bin/python3.10 (found version "3.10.12") found components: Interpreter 
[2.707s] -- Found urdf: 2.6.0 (/opt/ros/humble/share/urdf/cmake)
[2.833s] -- Found rclcpp: 16.0.5 (/opt/ros/humble/share/rclcpp/cmake)
[2.924s] -- Found rosidl_generator_c: 3.1.5 (/opt/ros/humble/share/rosidl_generator_c/cmake)
[2.937s] -- Found rosidl_adapter: 3.1.5 (/opt/ros/humble/share/rosidl_adapter/cmake)
[2.996s] -- Found rosidl_generator_cpp: 3.1.5 (/opt/ros/humble/share/rosidl_generator_cpp/cmake)
[3.044s] -- Using all available rosidl_typesupport_c: rosidl_typesupport_fastrtps_c;rosidl_typesupport_introspection_c
[3.100s] -- Using all available rosidl_typesupport_cpp: rosidl_typesupport_fastrtps_cpp;rosidl_typesupport_introspection_cpp
[3.283s] -- Found rmw_implementation_cmake: 6.1.1 (/opt/ros/humble/share/rmw_implementation_cmake/cmake)
[3.291s] -- Found rmw_fastrtps_cpp: 6.2.3 (/opt/ros/humble/share/rmw_fastrtps_cpp/cmake)
[3.975s] -- Found OpenSSL: /usr/lib/x86_64-linux-gnu/libcrypto.so (found version "3.0.2")  
[4.098s] -- Found FastRTPS: /opt/ros/humble/include  
[4.273s] -- Using RMW implementation 'rmw_fastrtps_cpp' as default
[4.302s] -- Looking for pthread.h
[4.738s] -- Looking for pthread.h - found
[4.739s] -- Performing Test CMAKE_HAVE_LIBC_PTHREAD
[5.002s] -- Performing Test CMAKE_HAVE_LIBC_PTHREAD - Success
[5.005s] -- Found Threads: TRUE  
[5.460s] -- Found rclpy: 3.3.9 (/opt/ros/humble/share/rclpy/cmake)
[5.885s] -- Configuring done
[5.902s] -- Generating done
[5.920s] -- Build files have been written to: /home/omni_ws/src/omni_bot/build/omni_bot
[5.991s] Invoked command in '/home/omni_ws/src/omni_bot/build/omni_bot' returned '0': CMAKE_PREFIX_PATH=${CMAKE_PREFIX_PATH}:/home/omni_ws/install/turtlebot3_teleop:/home/omni_ws/install/turtlebot3_example:/opt/ros/humble /usr/bin/cmake /home/omni_ws/src/omni_bot -DCMAKE_INSTALL_PREFIX=/home/omni_ws/src/omni_bot/install/omni_bot
[5.992s] Invoking command in '/home/omni_ws/src/omni_bot/build/omni_bot': CMAKE_PREFIX_PATH=${CMAKE_PREFIX_PATH}:/home/omni_ws/install/turtlebot3_teleop:/home/omni_ws/install/turtlebot3_example:/opt/ros/humble /usr/bin/cmake --build /home/omni_ws/src/omni_bot/build/omni_bot -- -j12 -l12
[6.280s] Built target ament_cmake_python_copy_omni_bot
[6.943s] running egg_info
[6.946s] creating omni_bot.egg-info
[6.949s] writing omni_bot.egg-info/PKG-INFO
[6.951s] writing dependency_links to omni_bot.egg-info/dependency_links.txt
[6.952s] writing top-level names to omni_bot.egg-info/top_level.txt
[6.953s] writing manifest file 'omni_bot.egg-info/SOURCES.txt'
[6.956s] reading manifest file 'omni_bot.egg-info/SOURCES.txt'
[6.957s] writing manifest file 'omni_bot.egg-info/SOURCES.txt'
[7.009s] Built target ament_cmake_python_build_omni_bot_egg
[7.082s] Invoked command in '/home/omni_ws/src/omni_bot/build/omni_bot' returned '0': CMAKE_PREFIX_PATH=${CMAKE_PREFIX_PATH}:/home/omni_ws/install/turtlebot3_teleop:/home/omni_ws/install/turtlebot3_example:/opt/ros/humble /usr/bin/cmake --build /home/omni_ws/src/omni_bot/build/omni_bot -- -j12 -l12
[7.447s] Invoking command in '/home/omni_ws/src/omni_bot/build/omni_bot': CMAKE_PREFIX_PATH=${CMAKE_PREFIX_PATH}:/home/omni_ws/install/turtlebot3_teleop:/home/omni_ws/install/turtlebot3_example:/opt/ros/humble /usr/bin/cmake --install /home/omni_ws/src/omni_bot/build/omni_bot
[7.475s] -- Install configuration: ""
[7.475s] -- Installing: /home/omni_ws/src/omni_bot/install/omni_bot/share/omni_bot/meshes
[7.475s] -- Installing: /home/omni_ws/src/omni_bot/install/omni_bot/share/omni_bot/meshes/chassis.STL
[7.476s] -- Installing: /home/omni_ws/src/omni_bot/install/omni_bot/share/omni_bot/launch
[7.476s] -- Installing: /home/omni_ws/src/omni_bot/install/omni_bot/share/omni_bot/launch/spawn_robot.launch.py
[7.477s] -- Installing: /home/omni_ws/src/omni_bot/install/omni_bot/share/omni_bot/launch/robot_state_publisher.launch.py
[7.477s] -- Installing: /home/omni_ws/src/omni_bot/install/omni_bot/share/omni_bot/launch/gazebo.launch.py
[7.477s] -- Installing: /home/omni_ws/src/omni_bot/install/omni_bot/share/omni_bot/launch/gazebo.launch
[7.478s] -- Installing: /home/omni_ws/src/omni_bot/install/omni_bot/share/omni_bot/launch/test.launch.py
[7.478s] -- Installing: /home/omni_ws/src/omni_bot/install/omni_bot/share/omni_bot/config
[7.478s] -- Installing: /home/omni_ws/src/omni_bot/install/omni_bot/share/omni_bot/config/omni_bot.yaml
[7.489s] -- Installing: /home/omni_ws/src/omni_bot/install/omni_bot/share/omni_bot/config/astar.rviz
[7.490s] -- Installing: /home/omni_ws/src/omni_bot/install/omni_bot/share/omni_bot/urdf
[7.490s] -- Installing: /home/omni_ws/src/omni_bot/install/omni_bot/share/omni_bot/urdf/plugins.gazebo
[7.490s] -- Installing: /home/omni_ws/src/omni_bot/install/omni_bot/share/omni_bot/urdf/main.xacro
[7.491s] -- Installing: /home/omni_ws/src/omni_bot/install/omni_bot/share/omni_bot/urdf/roller.xacro
[7.491s] -- Installing: /home/omni_ws/src/omni_bot/install/omni_bot/share/omni_bot/urdf/rim.xacro
[7.491s] -- Installing: /home/omni_ws/src/omni_bot/install/omni_bot/share/omni_bot/environment/pythonpath.sh
[7.491s] -- Installing: /home/omni_ws/src/omni_bot/install/omni_bot/share/omni_bot/environment/pythonpath.dsv
[7.492s] -- Installing: /home/omni_ws/src/omni_bot/install/omni_bot/local/lib/python3.10/dist-packages/omni_bot-0.0.1-py3.10.egg-info
[7.492s] -- Installing: /home/omni_ws/src/omni_bot/install/omni_bot/local/lib/python3.10/dist-packages/omni_bot-0.0.1-py3.10.egg-info/dependency_links.txt
[7.493s] -- Installing: /home/omni_ws/src/omni_bot/install/omni_bot/local/lib/python3.10/dist-packages/omni_bot-0.0.1-py3.10.egg-info/top_level.txt
[7.493s] -- Installing: /home/omni_ws/src/omni_bot/install/omni_bot/local/lib/python3.10/dist-packages/omni_bot-0.0.1-py3.10.egg-info/PKG-INFO
[7.493s] -- Installing: /home/omni_ws/src/omni_bot/install/omni_bot/local/lib/python3.10/dist-packages/omni_bot-0.0.1-py3.10.egg-info/SOURCES.txt
[7.494s] -- Installing: /home/omni_ws/src/omni_bot/install/omni_bot/local/lib/python3.10/dist-packages/omni_bot
[7.494s] -- Installing: /home/omni_ws/src/omni_bot/install/omni_bot/local/lib/python3.10/dist-packages/omni_bot/__init__.py
[7.495s] -- Installing: /home/omni_ws/src/omni_bot/install/omni_bot/local/lib/python3.10/dist-packages/omni_bot/cell.py
[7.635s] Listing '/home/omni_ws/src/omni_bot/install/omni_bot/local/lib/python3.10/dist-packages/omni_bot'...
[7.635s] Compiling '/home/omni_ws/src/omni_bot/install/omni_bot/local/lib/python3.10/dist-packages/omni_bot/__init__.py'...
[7.635s] Compiling '/home/omni_ws/src/omni_bot/install/omni_bot/local/lib/python3.10/dist-packages/omni_bot/cell.py'...
[7.647s] -- Installing: /home/omni_ws/src/omni_bot/install/omni_bot/lib/omni_bot/mapPublisher.py
[7.651s] -- Installing: /home/omni_ws/src/omni_bot/install/omni_bot/lib/omni_bot/astarPath.py
[7.652s] -- Installing: /home/omni_ws/src/omni_bot/install/omni_bot/lib/omni_bot/robotFootprint.py
[7.654s] -- Installing: /home/omni_ws/src/omni_bot/install/omni_bot/lib/omni_bot/waypointCommands.py
[7.654s] -- Installing: /home/omni_ws/src/omni_bot/install/omni_bot/share/ament_index/resource_index/package_run_dependencies/omni_bot
[7.655s] -- Installing: /home/omni_ws/src/omni_bot/install/omni_bot/share/ament_index/resource_index/parent_prefix_path/omni_bot
[7.655s] -- Installing: /home/omni_ws/src/omni_bot/install/omni_bot/share/omni_bot/environment/ament_prefix_path.sh
[7.658s] -- Installing: /home/omni_ws/src/omni_bot/install/omni_bot/share/omni_bot/environment/ament_prefix_path.dsv
[7.658s] -- Installing: /home/omni_ws/src/omni_bot/install/omni_bot/share/omni_bot/environment/path.sh
[7.659s] -- Installing: /home/omni_ws/src/omni_bot/install/omni_bot/share/omni_bot/environment/path.dsv
[7.659s] -- Installing: /home/omni_ws/src/omni_bot/install/omni_bot/share/omni_bot/local_setup.bash
[7.661s] -- Installing: /home/omni_ws/src/omni_bot/install/omni_bot/share/omni_bot/local_setup.sh
[7.661s] -- Installing: /home/omni_ws/src/omni_bot/install/omni_bot/share/omni_bot/local_setup.zsh
[7.662s] -- Installing: /home/omni_ws/src/omni_bot/install/omni_bot/share/omni_bot/local_setup.dsv
[7.662s] -- Installing: /home/omni_ws/src/omni_bot/install/omni_bot/share/omni_bot/package.dsv
[7.668s] -- Installing: /home/omni_ws/src/omni_bot/install/omni_bot/share/ament_index/resource_index/packages/omni_bot
[7.669s] -- Installing: /home/omni_ws/src/omni_bot/install/omni_bot/share/omni_bot/cmake/omni_botConfig.cmake
[7.669s] -- Installing: /home/omni_ws/src/omni_bot/install/omni_bot/share/omni_bot/cmake/omni_botConfig-version.cmake
[7.669s] -- Installing: /home/omni_ws/src/omni_bot/install/omni_bot/share/omni_bot/package.xml
[7.674s] Invoked command in '/home/omni_ws/src/omni_bot/build/omni_bot' returned '0': CMAKE_PREFIX_PATH=${CMAKE_PREFIX_PATH}:/home/omni_ws/install/turtlebot3_teleop:/home/omni_ws/install/turtlebot3_example:/opt/ros/humble /usr/bin/cmake --install /home/omni_ws/src/omni_bot/build/omni_bot
