[0.968s] DEBUG:colcon:Command line arguments: ['/usr/bin/colcon', 'build']
[0.968s] DEBUG:colcon:Parsed command line arguments: Namespace(log_base=None, log_level=None, verb_name='build', build_base='build', install_base='install', merge_install=False, symlink_install=False, test_result_base=None, continue_on_error=False, executor='parallel', parallel_workers=12, event_handlers=None, ignore_user_meta=False, metas=['./colcon.meta'], base_paths=['.'], packages_ignore=None, packages_ignore_regex=None, paths=None, packages_up_to=None, packages_up_to_regex=None, packages_above=None, packages_above_and_dependencies=None, packages_above_depth=None, packages_select_by_dep=None, packages_skip_by_dep=None, packages_skip_up_to=None, packages_select_build_failed=False, packages_skip_build_finished=False, packages_select_test_failures=False, packages_skip_test_passed=False, packages_select=None, packages_skip=None, packages_select_regex=None, packages_skip_regex=None, packages_start=None, packages_end=None, cmake_args=None, cmake_target=None, cmake_target_skip_unavailable=False, cmake_clean_cache=False, cmake_clean_first=False, cmake_force_configure=False, ament_cmake_args=None, catkin_cmake_args=None, catkin_skip_building_tests=False, mixin_files=None, mixin=None, verb_parser=<colcon_mixin.mixin.mixin_argument.MixinArgumentDecorator object at 0x7f30a8b1e5f0>, verb_extension=<colcon_core.verb.build.BuildVerb object at 0x7f30a8b1df60>, main=<bound method BuildVerb.main of <colcon_core.verb.build.BuildVerb object at 0x7f30a8b1df60>>, mixin_verb=('build',))
[1.018s] Level 1:colcon.colcon_core.package_discovery:discover_packages(colcon_meta) check parameters
[1.019s] INFO:colcon.colcon_metadata.package_discovery.colcon_meta:Using configuration from '/root/.colcon/metadata/default/Gazebo.meta'
[1.021s] INFO:colcon.colcon_metadata.package_discovery.colcon_meta:Using configuration from '/root/.colcon/metadata/default/fastrtps.meta'
[1.021s] Level 1:colcon.colcon_core.package_discovery:discover_packages(recursive) check parameters
[1.021s] Level 1:colcon.colcon_core.package_discovery:discover_packages(ignore) check parameters
[1.021s] Level 1:colcon.colcon_core.package_discovery:discover_packages(path) check parameters
[1.021s] Level 1:colcon.colcon_core.package_discovery:discover_packages(colcon_meta) discover
[1.021s] Level 1:colcon.colcon_core.package_discovery:discover_packages(recursive) discover
[1.021s] INFO:colcon.colcon_core.package_discovery:Crawling recursively for packages in '/home/omni_ws/src/omni_bot'
[1.022s] Level 1:colcon.colcon_core.package_identification:_identify(.) by extensions ['ignore', 'ignore_ament_install']
[1.022s] Level 1:colcon.colcon_core.package_identification:_identify(.) by extension 'ignore'
[1.022s] Level 1:colcon.colcon_core.package_identification:_identify(.) by extension 'ignore_ament_install'
[1.022s] Level 1:colcon.colcon_core.package_identification:_identify(.) by extensions ['colcon_pkg']
[1.022s] Level 1:colcon.colcon_core.package_identification:_identify(.) by extension 'colcon_pkg'
[1.022s] Level 1:colcon.colcon_core.package_identification:_identify(.) by extensions ['colcon_meta']
[1.022s] Level 1:colcon.colcon_core.package_identification:_identify(.) by extension 'colcon_meta'
[1.022s] Level 1:colcon.colcon_core.package_identification:_identify(.) by extensions ['ros']
[1.022s] Level 1:colcon.colcon_core.package_identification:_identify(.) by extension 'ros'
[1.060s] DEBUG:colcon.colcon_core.package_identification:Package '.' with type 'ros.ament_cmake' and name 'omni_bot'
[1.060s] Level 1:colcon.colcon_core.package_discovery:discover_packages(recursive) using defaults
[1.061s] Level 1:colcon.colcon_core.package_discovery:discover_packages(ignore) discover
[1.061s] Level 1:colcon.colcon_core.package_discovery:discover_packages(ignore) using defaults
[1.061s] Level 1:colcon.colcon_core.package_discovery:discover_packages(path) discover
[1.061s] Level 1:colcon.colcon_core.package_discovery:discover_packages(path) using defaults
[1.118s] Level 5:colcon.colcon_core.verb:set package 'omni_bot' build argument 'cmake_args' from command line to 'None'
[1.119s] Level 5:colcon.colcon_core.verb:set package 'omni_bot' build argument 'cmake_target' from command line to 'None'
[1.119s] Level 5:colcon.colcon_core.verb:set package 'omni_bot' build argument 'cmake_target_skip_unavailable' from command line to 'False'
[1.119s] Level 5:colcon.colcon_core.verb:set package 'omni_bot' build argument 'cmake_clean_cache' from command line to 'False'
[1.119s] Level 5:colcon.colcon_core.verb:set package 'omni_bot' build argument 'cmake_clean_first' from command line to 'False'
[1.119s] Level 5:colcon.colcon_core.verb:set package 'omni_bot' build argument 'cmake_force_configure' from command line to 'False'
[1.119s] Level 5:colcon.colcon_core.verb:set package 'omni_bot' build argument 'ament_cmake_args' from command line to 'None'
[1.119s] Level 5:colcon.colcon_core.verb:set package 'omni_bot' build argument 'catkin_cmake_args' from command line to 'None'
[1.119s] Level 5:colcon.colcon_core.verb:set package 'omni_bot' build argument 'catkin_skip_building_tests' from command line to 'False'
[1.119s] DEBUG:colcon.colcon_core.verb:Building package 'omni_bot' with the following arguments: {'ament_cmake_args': None, 'build_base': '/home/omni_ws/src/omni_bot/build/omni_bot', 'catkin_cmake_args': None, 'catkin_skip_building_tests': False, 'cmake_args': None, 'cmake_clean_cache': False, 'cmake_clean_first': False, 'cmake_force_configure': False, 'cmake_target': None, 'cmake_target_skip_unavailable': False, 'install_base': '/home/omni_ws/src/omni_bot/install/omni_bot', 'merge_install': False, 'path': '/home/omni_ws/src/omni_bot', 'symlink_install': False, 'test_result_base': None}
[1.121s] INFO:colcon.colcon_core.executor:Executing jobs using 'parallel' executor
[1.145s] DEBUG:colcon.colcon_parallel_executor.executor.parallel:run_until_complete
[1.145s] INFO:colcon.colcon_ros.task.ament_cmake.build:Building ROS package in '/home/omni_ws/src/omni_bot' with build type 'ament_cmake'
[1.145s] INFO:colcon.colcon_cmake.task.cmake.build:Building CMake package in '/home/omni_ws/src/omni_bot'
[1.156s] INFO:colcon.colcon_core.plugin_system:Skipping extension 'colcon_core.shell.bat': Not used on non-Windows systems
[1.156s] INFO:colcon.colcon_core.shell:Skip shell extension 'powershell' for command environment: Not usable outside of PowerShell
[1.156s] DEBUG:colcon.colcon_core.shell:Skip shell extension 'dsv' for command environment
[1.229s] DEBUG:colcon.colcon_core.event_handler.log_command:Invoking command in '/home/omni_ws/src/omni_bot/build/omni_bot': CMAKE_PREFIX_PATH=${CMAKE_PREFIX_PATH}:/home/omni_ws/install/turtlebot3_teleop:/home/omni_ws/install/turtlebot3_example:/opt/ros/humble /usr/bin/cmake /home/omni_ws/src/omni_bot -DCMAKE_INSTALL_PREFIX=/home/omni_ws/src/omni_bot/install/omni_bot
[7.141s] DEBUG:colcon.colcon_core.event_handler.log_command:Invoked command in '/home/omni_ws/src/omni_bot/build/omni_bot' returned '0': CMAKE_PREFIX_PATH=${CMAKE_PREFIX_PATH}:/home/omni_ws/install/turtlebot3_teleop:/home/omni_ws/install/turtlebot3_example:/opt/ros/humble /usr/bin/cmake /home/omni_ws/src/omni_bot -DCMAKE_INSTALL_PREFIX=/home/omni_ws/src/omni_bot/install/omni_bot
[7.142s] DEBUG:colcon.colcon_core.event_handler.log_command:Invoking command in '/home/omni_ws/src/omni_bot/build/omni_bot': CMAKE_PREFIX_PATH=${CMAKE_PREFIX_PATH}:/home/omni_ws/install/turtlebot3_teleop:/home/omni_ws/install/turtlebot3_example:/opt/ros/humble /usr/bin/cmake --build /home/omni_ws/src/omni_bot/build/omni_bot -- -j12 -l12
[8.232s] DEBUG:colcon.colcon_core.event_handler.log_command:Invoked command in '/home/omni_ws/src/omni_bot/build/omni_bot' returned '0': CMAKE_PREFIX_PATH=${CMAKE_PREFIX_PATH}:/home/omni_ws/install/turtlebot3_teleop:/home/omni_ws/install/turtlebot3_example:/opt/ros/humble /usr/bin/cmake --build /home/omni_ws/src/omni_bot/build/omni_bot -- -j12 -l12
[8.597s] DEBUG:colcon.colcon_core.event_handler.log_command:Invoking command in '/home/omni_ws/src/omni_bot/build/omni_bot': CMAKE_PREFIX_PATH=${CMAKE_PREFIX_PATH}:/home/omni_ws/install/turtlebot3_teleop:/home/omni_ws/install/turtlebot3_example:/opt/ros/humble /usr/bin/cmake --install /home/omni_ws/src/omni_bot/build/omni_bot
[8.823s] Level 1:colcon.colcon_core.environment:create_environment_scripts_only(omni_bot)
[8.824s] DEBUG:colcon.colcon_core.event_handler.log_command:Invoked command in '/home/omni_ws/src/omni_bot/build/omni_bot' returned '0': CMAKE_PREFIX_PATH=${CMAKE_PREFIX_PATH}:/home/omni_ws/install/turtlebot3_teleop:/home/omni_ws/install/turtlebot3_example:/opt/ros/humble /usr/bin/cmake --install /home/omni_ws/src/omni_bot/build/omni_bot
[8.831s] Level 1:colcon.colcon_core.environment:checking '/home/omni_ws/src/omni_bot/install/omni_bot' for CMake module files
[8.832s] Level 1:colcon.colcon_core.environment:checking '/home/omni_ws/src/omni_bot/install/omni_bot' for CMake config files
[8.833s] Level 1:colcon.colcon_core.shell:create_environment_hook('omni_bot', 'cmake_prefix_path')
[8.835s] INFO:colcon.colcon_core.shell:Creating environment hook '/home/omni_ws/src/omni_bot/install/omni_bot/share/omni_bot/hook/cmake_prefix_path.ps1'
[8.836s] INFO:colcon.colcon_core.shell:Creating environment descriptor '/home/omni_ws/src/omni_bot/install/omni_bot/share/omni_bot/hook/cmake_prefix_path.dsv'
[8.837s] INFO:colcon.colcon_core.shell:Creating environment hook '/home/omni_ws/src/omni_bot/install/omni_bot/share/omni_bot/hook/cmake_prefix_path.sh'
[8.838s] Level 1:colcon.colcon_core.environment:checking '/home/omni_ws/src/omni_bot/install/omni_bot/lib'
[8.838s] Level 1:colcon.colcon_core.environment:checking '/home/omni_ws/src/omni_bot/install/omni_bot/bin'
[8.838s] Level 1:colcon.colcon_core.environment:checking '/home/omni_ws/src/omni_bot/install/omni_bot/lib/pkgconfig/omni_bot.pc'
[8.841s] Level 1:colcon.colcon_core.environment:checking '/home/omni_ws/src/omni_bot/install/omni_bot/lib/python3.10/site-packages'
[8.841s] Level 1:colcon.colcon_core.environment:checking '/home/omni_ws/src/omni_bot/install/omni_bot/bin'
[8.852s] INFO:colcon.colcon_core.shell:Creating package script '/home/omni_ws/src/omni_bot/install/omni_bot/share/omni_bot/package.ps1'
[8.856s] INFO:colcon.colcon_core.shell:Creating package descriptor '/home/omni_ws/src/omni_bot/install/omni_bot/share/omni_bot/package.dsv'
[8.860s] INFO:colcon.colcon_core.shell:Creating package script '/home/omni_ws/src/omni_bot/install/omni_bot/share/omni_bot/package.sh'
[8.861s] INFO:colcon.colcon_core.shell:Creating package script '/home/omni_ws/src/omni_bot/install/omni_bot/share/omni_bot/package.bash'
[8.868s] INFO:colcon.colcon_core.shell:Creating package script '/home/omni_ws/src/omni_bot/install/omni_bot/share/omni_bot/package.zsh'
[8.869s] Level 1:colcon.colcon_core.environment:create_file_with_runtime_dependencies(/home/omni_ws/src/omni_bot/install/omni_bot/share/colcon-core/packages/omni_bot)
[9.166s] Level 1:colcon.colcon_core.environment:create_environment_scripts_only(omni_bot)
[9.171s] Level 1:colcon.colcon_core.environment:checking '/home/omni_ws/src/omni_bot/install/omni_bot' for CMake module files
[9.172s] Level 1:colcon.colcon_core.environment:checking '/home/omni_ws/src/omni_bot/install/omni_bot' for CMake config files
[9.172s] Level 1:colcon.colcon_core.shell:create_environment_hook('omni_bot', 'cmake_prefix_path')
[9.175s] INFO:colcon.colcon_core.shell:Creating environment hook '/home/omni_ws/src/omni_bot/install/omni_bot/share/omni_bot/hook/cmake_prefix_path.ps1'
[9.175s] INFO:colcon.colcon_core.shell:Creating environment descriptor '/home/omni_ws/src/omni_bot/install/omni_bot/share/omni_bot/hook/cmake_prefix_path.dsv'
[9.176s] INFO:colcon.colcon_core.shell:Creating environment hook '/home/omni_ws/src/omni_bot/install/omni_bot/share/omni_bot/hook/cmake_prefix_path.sh'
[9.177s] Level 1:colcon.colcon_core.environment:checking '/home/omni_ws/src/omni_bot/install/omni_bot/lib'
[9.177s] Level 1:colcon.colcon_core.environment:checking '/home/omni_ws/src/omni_bot/install/omni_bot/bin'
[9.177s] Level 1:colcon.colcon_core.environment:checking '/home/omni_ws/src/omni_bot/install/omni_bot/lib/pkgconfig/omni_bot.pc'
[9.178s] Level 1:colcon.colcon_core.environment:checking '/home/omni_ws/src/omni_bot/install/omni_bot/lib/python3.10/site-packages'
[9.178s] Level 1:colcon.colcon_core.environment:checking '/home/omni_ws/src/omni_bot/install/omni_bot/bin'
[9.181s] INFO:colcon.colcon_core.shell:Creating package script '/home/omni_ws/src/omni_bot/install/omni_bot/share/omni_bot/package.ps1'
[9.182s] INFO:colcon.colcon_core.shell:Creating package descriptor '/home/omni_ws/src/omni_bot/install/omni_bot/share/omni_bot/package.dsv'
[9.183s] INFO:colcon.colcon_core.shell:Creating package script '/home/omni_ws/src/omni_bot/install/omni_bot/share/omni_bot/package.sh'
[9.184s] INFO:colcon.colcon_core.shell:Creating package script '/home/omni_ws/src/omni_bot/install/omni_bot/share/omni_bot/package.bash'
[9.184s] INFO:colcon.colcon_core.shell:Creating package script '/home/omni_ws/src/omni_bot/install/omni_bot/share/omni_bot/package.zsh'
[9.185s] Level 1:colcon.colcon_core.environment:create_file_with_runtime_dependencies(/home/omni_ws/src/omni_bot/install/omni_bot/share/colcon-core/packages/omni_bot)
[9.185s] DEBUG:colcon.colcon_parallel_executor.executor.parallel:closing loop
[9.186s] DEBUG:colcon.colcon_parallel_executor.executor.parallel:loop closed
[9.186s] DEBUG:colcon.colcon_parallel_executor.executor.parallel:run_until_complete finished with '0'
[9.186s] DEBUG:colcon.colcon_core.event_reactor:joining thread
[9.197s] INFO:colcon.colcon_core.plugin_system:Skipping extension 'colcon_notification.desktop_notification.notify_send': Could not find 'notify-send'
[9.198s] INFO:colcon.colcon_core.plugin_system:Skipping extension 'colcon_notification.desktop_notification.terminal_notifier': Not used on non-Darwin systems
[9.198s] INFO:colcon.colcon_core.plugin_system:Skipping extension 'colcon_notification.desktop_notification.win32': Not used on non-Windows systems
[9.198s] INFO:colcon.colcon_notification.desktop_notification:Sending desktop notification using 'notify2'
[9.204s] DEBUG:colcon.colcon_notification.desktop_notification.notify2:Failed to initialize notify2: org.freedesktop.DBus.Error.Spawn.ExecFailed: /usr/bin/dbus-launch terminated abnormally without any error message
[9.204s] DEBUG:colcon.colcon_core.event_reactor:joined thread
[9.207s] INFO:colcon.colcon_core.shell:Creating prefix script '/home/omni_ws/src/omni_bot/install/local_setup.ps1'
[9.209s] INFO:colcon.colcon_core.shell:Creating prefix util module '/home/omni_ws/src/omni_bot/install/_local_setup_util_ps1.py'
[9.211s] INFO:colcon.colcon_core.shell:Creating prefix chain script '/home/omni_ws/src/omni_bot/install/setup.ps1'
[9.214s] INFO:colcon.colcon_core.shell:Creating prefix script '/home/omni_ws/src/omni_bot/install/local_setup.sh'
[9.216s] INFO:colcon.colcon_core.shell:Creating prefix util module '/home/omni_ws/src/omni_bot/install/_local_setup_util_sh.py'
[9.217s] INFO:colcon.colcon_core.shell:Creating prefix chain script '/home/omni_ws/src/omni_bot/install/setup.sh'
[9.222s] INFO:colcon.colcon_core.shell:Creating prefix script '/home/omni_ws/src/omni_bot/install/local_setup.bash'
[9.224s] INFO:colcon.colcon_core.shell:Creating prefix chain script '/home/omni_ws/src/omni_bot/install/setup.bash'
[9.228s] INFO:colcon.colcon_core.shell:Creating prefix script '/home/omni_ws/src/omni_bot/install/local_setup.zsh'
[9.237s] INFO:colcon.colcon_core.shell:Creating prefix chain script '/home/omni_ws/src/omni_bot/install/setup.zsh'
